2025-06-19 10:40:57,528 - INFO - تم لصق SSID من الحافظة
2025-06-19 10:40:58,441 - INFO - جاري الاتصال بالمنصة...
2025-06-19 10:40:58,442 - INFO - تم الاتصال بنجاح باستخدام SSID
2025-06-19 10:40:58,467 - INFO - تم الاتصال بنجاح!
2025-06-19 10:40:58,468 - INFO - تم تحديث أصول السوق: OTC
2025-06-19 10:41:05,922 - INFO - تم تحديث أصول السوق: OTC
2025-06-19 10:41:07,609 - INFO - بدء تحليل EURUSD_otc
2025-06-19 10:41:07,624 - INFO - لا توجد إشارة واضحة حالياً
2025-06-19 12:05:22,368 - INFO - تم لصق SSID من الحافظة
2025-06-19 12:05:23,069 - INFO - جاري الاتصال بالمنصة...
2025-06-19 12:05:23,077 - INFO - تم الاتصال بنجاح باستخدام SSID
2025-06-19 12:05:23,096 - INFO - تم الاتصال بنجاح!
2025-06-19 12:05:23,098 - INFO - تم تحديث أصول السوق: OTC
2025-06-19 12:05:32,497 - INFO - جاري الاتصال بالمنصة...
2025-06-19 12:05:32,498 - INFO - تم الاتصال بنجاح باستخدام SSID
2025-06-19 12:05:32,503 - INFO - تم الاتصال بنجاح!
2025-06-19 12:05:32,505 - INFO - تم تحديث أصول السوق: OTC
2025-06-19 12:05:33,495 - INFO - جاري الاتصال بالمنصة...
2025-06-19 12:05:33,497 - INFO - تم الاتصال بنجاح باستخدام SSID
2025-06-19 12:05:33,504 - INFO - تم الاتصال بنجاح!
2025-06-19 12:05:33,505 - INFO - تم تحديث أصول السوق: OTC
2025-06-19 12:05:33,903 - INFO - جاري الاتصال بالمنصة...
2025-06-19 12:05:33,905 - INFO - تم الاتصال بنجاح باستخدام SSID
2025-06-19 12:05:33,910 - INFO - تم الاتصال بنجاح!
2025-06-19 12:05:33,912 - INFO - تم تحديث أصول السوق: OTC
2025-06-19 12:05:34,133 - INFO - جاري الاتصال بالمنصة...
2025-06-19 12:05:34,134 - INFO - تم الاتصال بنجاح باستخدام SSID
2025-06-19 12:05:34,142 - INFO - تم الاتصال بنجاح!
2025-06-19 12:05:34,143 - INFO - تم تحديث أصول السوق: OTC
2025-06-19 12:05:34,328 - INFO - جاري الاتصال بالمنصة...
2025-06-19 12:05:34,331 - INFO - تم الاتصال بنجاح باستخدام SSID
2025-06-19 12:05:34,337 - INFO - تم الاتصال بنجاح!
2025-06-19 12:05:34,338 - INFO - تم تحديث أصول السوق: OTC
2025-06-19 12:05:34,552 - INFO - جاري الاتصال بالمنصة...
2025-06-19 12:05:34,555 - INFO - تم الاتصال بنجاح باستخدام SSID
2025-06-19 12:05:34,559 - INFO - تم الاتصال بنجاح!
2025-06-19 12:05:34,562 - INFO - تم تحديث أصول السوق: OTC
2025-06-19 12:05:34,754 - INFO - جاري الاتصال بالمنصة...
2025-06-19 12:05:34,757 - INFO - تم الاتصال بنجاح باستخدام SSID
2025-06-19 12:05:34,761 - INFO - تم الاتصال بنجاح!
2025-06-19 12:05:34,764 - INFO - تم تحديث أصول السوق: OTC
2025-06-19 13:04:46,087 - INFO - جاري الاتصال بالمنصة...
2025-06-19 13:04:46,092 - INFO - تم الاتصال بنجاح باستخدام SSID
2025-06-19 13:04:46,102 - INFO - تم الاتصال بنجاح!
2025-06-19 13:04:46,102 - INFO - تم تحديث أصول السوق: OTC
2025-06-19 14:43:38,402 - INFO - جاري الاتصال بـ PocketOption...
2025-06-19 14:43:45,077 - INFO - تم الاتصال بنجاح بمنصة PocketOption
2025-06-19 14:43:45,083 - INFO - تم الاتصال بنجاح!
2025-06-19 14:43:45,097 - INFO - تم تحديث معلومات الحساب: رصيد تجريبي: 567.39, رصيد حقيقي: 0.00
2025-06-19 14:43:45,107 - INFO - تم تحديث أزواج التداول المتاحة (OTC Market).
2025-06-19 14:44:00,342 - INFO - بدء التحليل التلقائي...
2025-06-19 14:44:00,643 - INFO - لا توجد إشارة واضحة لـ EURUSD_otc.
2025-06-19 14:44:25,694 - INFO - جاري إيقاف التحليل...
2025-06-19 14:45:00,647 - INFO - تم إيقاف التحليل التلقائي.
2025-06-19 14:45:03,405 - INFO - تم تحديث أزواج التداول المتاحة (Real Market).
2025-06-19 14:45:03,865 - INFO - تم تحديث أزواج التداول المتاحة (OTC Market).
2025-06-19 14:45:07,122 - INFO - بدء التحليل التلقائي...
2025-06-19 14:45:07,304 - INFO - لا توجد إشارة واضحة لـ GBPUSD_otc.
2025-06-19 14:46:07,489 - INFO - لا توجد إشارة واضحة لـ GBPUSD_otc.
2025-06-19 14:46:38,620 - INFO - جاري إيقاف التحليل...
2025-06-19 14:46:49,707 - INFO - تم تحديث أزواج التداول المتاحة (Real Market).
2025-06-19 14:47:00,543 - INFO - تم تحديث أزواج التداول المتاحة (OTC Market).
2025-06-19 14:47:02,175 - INFO - جاري إيقاف التحليل...
2025-06-19 14:47:07,493 - INFO - تم إيقاف التحليل التلقائي.
2025-06-19 14:47:53,389 - INFO - بدء التحليل التلقائي...
2025-06-19 14:47:53,514 - INFO - لا توجد إشارة واضحة لـ AUDUSD_otc.
2025-06-20 12:16:03,247 - INFO - Connecting to PocketOption...
2025-06-20 12:16:10,051 - INFO - تم الاتصال بنجاح بمنصة PocketOption
2025-06-20 12:16:10,067 - INFO - Connected successfully!
2025-06-20 12:16:10,106 - INFO - Account info updated: Demo: 567.39$, Live: 0.00$
2025-06-20 12:16:10,121 - INFO - Available trading pairs updated (OTC Market).
2025-06-20 12:16:15,129 - INFO - Account info updated: Demo: 567.39$, Live: 0.00$
2025-06-20 12:16:17,842 - INFO - Available trading pairs updated (OTC Market).
2025-06-20 12:16:20,135 - INFO - Account info updated: Demo: 567.39$, Live: 0.00$
2025-06-20 12:16:20,379 - INFO - Available trading pairs updated (Real Market).
2025-06-20 12:16:21,543 - INFO - Available trading pairs updated (OTC Market).
2025-06-20 12:16:25,149 - INFO - Account info updated: Demo: 567.39$, Live: 0.00$
2025-06-20 12:16:30,162 - INFO - Account info updated: Demo: 567.39$, Live: 0.00$
2025-06-20 12:16:31,278 - INFO - Starting auto analysis...
2025-06-20 12:16:31,521 - INFO - No clear signal for GBPUSD_otc.
2025-06-20 12:16:35,167 - INFO - Account info updated: Demo: 567.39$, Live: 0.00$
2025-06-20 12:16:40,176 - INFO - Account info updated: Demo: 567.39$, Live: 0.00$
2025-06-20 12:16:45,184 - INFO - Account info updated: Demo: 567.39$, Live: 0.00$
2025-06-20 12:16:47,459 - INFO - Stopping analysis...
2025-06-20 12:16:50,196 - INFO - Account info updated: Demo: 567.39$, Live: 0.00$
2025-06-20 12:16:55,216 - INFO - Account info updated: Demo: 567.39$, Live: 0.00$
2025-06-20 12:17:00,220 - INFO - Account info updated: Demo: 567.39$, Live: 0.00$
2025-06-20 12:17:05,241 - INFO - Account info updated: Demo: 567.39$, Live: 0.00$
2025-06-20 12:17:10,254 - INFO - Account info updated: Demo: 567.39$, Live: 0.00$
2025-06-20 12:17:15,258 - INFO - Account info updated: Demo: 567.39$, Live: 0.00$
2025-06-20 12:17:17,011 - INFO - Stopping analysis...
2025-06-20 12:17:20,283 - INFO - Account info updated: Demo: 567.39$, Live: 0.00$
2025-06-20 12:17:25,390 - INFO - Account info updated: Demo: 567.39$, Live: 0.00$
2025-06-20 12:17:30,396 - INFO - Account info updated: Demo: 567.39$, Live: 0.00$
2025-06-20 12:17:31,529 - INFO - Auto analysis stopped.
2025-06-20 12:17:35,415 - INFO - Account info updated: Demo: 567.39$, Live: 0.00$
2025-06-20 12:17:40,419 - INFO - Account info updated: Demo: 567.39$, Live: 0.00$
2025-06-20 12:17:45,427 - INFO - Account info updated: Demo: 567.39$, Live: 0.00$
2025-06-20 12:17:50,447 - INFO - Account info updated: Demo: 567.39$, Live: 0.00$
2025-06-20 12:17:55,461 - INFO - Account info updated: Demo: 567.39$, Live: 0.00$
2025-06-20 12:18:00,475 - INFO - Account info updated: Demo: 567.39$, Live: 0.00$
2025-06-20 12:18:05,479 - INFO - Account info updated: Demo: 567.39$, Live: 0.00$
2025-06-20 12:18:10,491 - INFO - Account info updated: Demo: 567.39$, Live: 0.00$
2025-06-20 12:18:15,497 - INFO - Account info updated: Demo: 567.39$, Live: 0.00$
2025-06-20 12:18:20,507 - INFO - Account info updated: Demo: 567.39$, Live: 0.00$
2025-06-20 12:18:25,513 - INFO - Account info updated: Demo: 567.39$, Live: 0.00$
2025-06-20 12:18:30,537 - INFO - Account info updated: Demo: 567.39$, Live: 0.00$
2025-06-20 12:18:35,549 - INFO - Account info updated: Demo: 567.39$, Live: 0.00$
2025-06-20 12:18:40,600 - INFO - Account info updated: Demo: 567.39$, Live: 0.00$
2025-06-20 12:18:45,608 - INFO - Account info updated: Demo: 567.39$, Live: 0.00$
2025-06-20 12:18:50,618 - INFO - Account info updated: Demo: 567.39$, Live: 0.00$
2025-06-20 12:18:55,625 - INFO - Account info updated: Demo: 567.39$, Live: 0.00$
2025-06-20 12:19:00,633 - INFO - Account info updated: Demo: 567.39$, Live: 0.00$
2025-06-20 12:19:05,652 - INFO - Account info updated: Demo: 567.39$, Live: 0.00$
2025-06-20 12:19:10,661 - INFO - Account info updated: Demo: 567.39$, Live: 0.00$
2025-06-20 12:19:15,669 - INFO - Account info updated: Demo: 567.39$, Live: 0.00$
2025-06-20 12:19:20,675 - INFO - Account info updated: Demo: 567.39$, Live: 0.00$
2025-06-20 12:19:25,686 - INFO - Account info updated: Demo: 567.39$, Live: 0.00$
2025-06-20 12:19:30,787 - INFO - Account info updated: Demo: 567.39$, Live: 0.00$
2025-06-20 12:19:35,797 - INFO - Account info updated: Demo: 567.39$, Live: 0.00$
2025-06-20 12:19:40,811 - INFO - Account info updated: Demo: 567.39$, Live: 0.00$
2025-06-20 12:19:45,830 - INFO - Account info updated: Demo: 567.39$, Live: 0.00$
2025-06-20 12:20:37,722 - INFO - Connecting to PocketOption...
2025-06-20 12:20:44,429 - INFO - تم الاتصال بنجاح بمنصة PocketOption
2025-06-20 12:20:44,529 - INFO - Connected successfully!
2025-06-20 12:20:44,653 - INFO - Account info updated: Demo: 567.39$, Live: 0.00$
2025-06-20 12:20:44,668 - INFO - Available trading pairs updated (OTC Market).
2025-06-20 12:20:49,676 - INFO - Account info updated: Demo: 567.39$, Live: 0.00$
2025-06-20 12:20:54,680 - INFO - Account info updated: Demo: 567.39$, Live: 0.00$
2025-06-20 12:47:18,403 - INFO - Connecting to PocketOption...
2025-06-20 12:47:25,114 - INFO - تم الاتصال بنجاح بمنصة PocketOption
2025-06-20 12:47:25,213 - INFO - Connected successfully!
2025-06-20 12:47:25,244 - INFO - Account info updated: Demo: 567.39$, Live: 0.00$
2025-06-20 12:47:25,255 - INFO - Available trading pairs updated (OTC Market).
2025-06-20 12:47:29,084 - INFO - Available trading pairs updated (Real Market).
2025-06-20 12:47:30,296 - INFO - Account info updated: Demo: 567.39$, Live: 0.00$
2025-06-20 12:47:35,310 - INFO - Account info updated: Demo: 567.39$, Live: 0.00$
2025-06-20 12:47:40,318 - INFO - Account info updated: Demo: 567.39$, Live: 0.00$
2025-06-20 12:47:41,706 - INFO - Available trading pairs updated (OTC Market).
2025-06-20 12:47:45,367 - INFO - Account info updated: Demo: 567.39$, Live: 0.00$
2025-06-20 12:47:50,384 - INFO - Account info updated: Demo: 567.39$, Live: 0.00$
2025-06-20 12:47:55,406 - INFO - Account info updated: Demo: 567.39$, Live: 0.00$
2025-06-20 12:47:58,763 - INFO - Starting auto analysis...
2025-06-20 12:47:58,887 - INFO - No clear signal for EURUSD_otc.
2025-06-20 12:48:00,420 - INFO - Account info updated: Demo: 567.39$, Live: 0.00$
2025-06-20 12:48:05,442 - INFO - Account info updated: Demo: 567.39$, Live: 0.00$
2025-06-20 12:48:10,464 - INFO - Account info updated: Demo: 567.39$, Live: 0.00$
2025-06-20 12:48:12,604 - INFO - Stopping analysis...
2025-06-20 12:48:15,478 - INFO - Account info updated: Demo: 567.39$, Live: 0.00$
2025-06-20 12:48:20,489 - INFO - Account info updated: Demo: 567.39$, Live: 0.00$
2025-06-20 12:48:25,505 - INFO - Account info updated: Demo: 567.39$, Live: 0.00$
2025-06-20 12:48:25,783 - INFO - Stopping analysis...
2025-06-20 12:48:27,769 - INFO - Stopping analysis...
2025-06-20 12:48:28,384 - INFO - Stopping analysis...
2025-06-20 12:48:29,018 - INFO - Stopping analysis...
2025-06-20 12:48:30,514 - INFO - Account info updated: Demo: 567.39$, Live: 0.00$
2025-06-20 12:48:35,530 - INFO - Account info updated: Demo: 567.39$, Live: 0.00$
2025-06-20 13:02:01,512 - INFO - Connecting to PocketOption...
2025-06-20 13:02:08,277 - INFO - تم الاتصال بنجاح بمنصة PocketOption
2025-06-20 13:02:08,305 - INFO - Connected successfully!
2025-06-20 13:02:08,352 - INFO - Account info updated: Demo: 557.39$, Live: 0.00$
2025-06-20 13:02:08,368 - INFO - Available trading pairs updated (OTC Market).
2025-06-20 13:02:13,381 - INFO - Account info updated: Demo: 557.39$, Live: 0.00$
2025-06-20 13:02:18,384 - INFO - Account info updated: Demo: 576.59$, Live: 0.00$
2025-06-20 13:02:23,588 - INFO - Account info updated: Demo: 576.59$, Live: 0.00$
2025-06-21 15:08:23,959 - INFO - Connecting to PocketOption...
2025-06-21 15:08:23,983 - ERROR - خطأ في الاتصال: PocketOptionError, Failed to parse SSID: Error parsing ssid string into object
2025-06-21 15:08:24,000 - ERROR - Connection failed. Please check SSID.
2025-06-21 15:08:33,361 - INFO - Connecting to PocketOption...
2025-06-21 15:08:33,366 - ERROR - خطأ في الاتصال: PocketOptionError, Failed to parse SSID: Error parsing ssid string into object
2025-06-21 15:08:33,389 - ERROR - Connection failed. Please check SSID.
2025-06-22 09:44:55,815 - INFO - Connecting to PocketOption...
2025-06-22 09:45:05,777 - INFO - تم الاتصال بنجاح بمنصة PocketOption
2025-06-22 09:45:05,838 - INFO - Connected successfully!
2025-06-22 09:45:05,956 - INFO - Account info updated: Demo: 0.00$, Live: 0.00$
2025-06-22 09:45:05,988 - INFO - Available trading pairs updated (OTC Market).
2025-06-22 09:45:11,001 - INFO - Account info updated: Demo: 0.00$, Live: 0.00$
2025-06-22 09:45:16,007 - INFO - Account info updated: Demo: 0.00$, Live: 0.00$
2025-06-22 09:45:21,023 - INFO - Account info updated: Demo: 0.00$, Live: 0.00$
2025-06-22 09:45:26,026 - INFO - Account info updated: Demo: 0.00$, Live: 0.00$
2025-06-22 09:54:01,918 - INFO - Connecting to PocketOption...
2025-06-22 09:54:08,695 - INFO - تم الاتصال بنجاح بمنصة PocketOption
2025-06-22 09:54:08,710 - INFO - Connected successfully!
2025-06-22 09:54:08,727 - INFO - Account info updated: Demo: 576.59$, Live: 0.00$
2025-06-22 09:54:08,739 - INFO - Available trading pairs updated (OTC Market).
2025-06-22 09:54:13,746 - INFO - Account info updated: Demo: 576.59$, Live: 0.00$
2025-06-22 09:54:14,221 - INFO - Available trading pairs updated (OTC Market).
2025-06-22 09:54:15,726 - INFO - Available trading pairs updated (OTC Market).
2025-06-22 09:54:18,756 - INFO - Account info updated: Demo: 576.59$, Live: 0.00$
2025-06-22 09:54:20,151 - INFO - Starting auto analysis...
2025-06-22 09:54:20,337 - INFO - No clear signal for GBPUSD_otc.
2025-06-22 09:54:23,759 - INFO - Account info updated: Demo: 576.59$, Live: 0.00$
2025-06-22 09:54:28,761 - INFO - Account info updated: Demo: 576.59$, Live: 0.00$
2025-06-22 09:54:33,762 - INFO - Account info updated: Demo: 576.59$, Live: 0.00$
2025-06-22 09:54:38,763 - INFO - Account info updated: Demo: 576.59$, Live: 0.00$
2025-06-22 09:54:43,765 - INFO - Account info updated: Demo: 571.59$, Live: 0.00$
2025-06-22 09:54:48,779 - INFO - Account info updated: Demo: 571.59$, Live: 0.00$
2025-06-22 09:54:53,785 - INFO - Account info updated: Demo: 571.59$, Live: 0.00$
2025-06-22 09:54:58,787 - INFO - Account info updated: Demo: 571.59$, Live: 0.00$
2025-06-22 09:55:03,794 - INFO - Account info updated: Demo: 571.59$, Live: 0.00$
2025-06-22 09:55:08,798 - INFO - Account info updated: Demo: 571.59$, Live: 0.00$
2025-06-22 09:55:13,803 - INFO - Account info updated: Demo: 571.59$, Live: 0.00$
2025-06-22 09:55:18,806 - INFO - Account info updated: Demo: 571.59$, Live: 0.00$
2025-06-22 09:55:23,807 - ERROR - خطأ في الحصول على الرصيد: This event loop is already running
2025-06-22 09:55:23,842 - INFO - Account info updated: Demo: 0.00$, Live: 0.00$
2025-06-22 09:55:28,844 - ERROR - خطأ في الحصول على الرصيد: This event loop is already running
2025-06-22 09:55:28,846 - INFO - Account info updated: Demo: 0.00$, Live: 0.00$
2025-06-22 09:55:33,848 - ERROR - خطأ في الحصول على الرصيد: This event loop is already running
2025-06-22 09:55:33,854 - INFO - Account info updated: Demo: 0.00$, Live: 0.00$
2025-06-22 09:55:38,855 - ERROR - خطأ في الحصول على الرصيد: This event loop is already running
2025-06-22 09:55:38,857 - INFO - Account info updated: Demo: 0.00$, Live: 0.00$
2025-06-22 09:55:43,860 - ERROR - خطأ في الحصول على الرصيد: This event loop is already running
2025-06-22 09:55:43,867 - INFO - Account info updated: Demo: 0.00$, Live: 0.00$
2025-06-22 09:55:48,867 - ERROR - خطأ في الحصول على الرصيد: This event loop is already running
2025-06-22 09:55:48,873 - INFO - Account info updated: Demo: 0.00$, Live: 0.00$
2025-06-22 09:55:52,342 - ERROR - خطأ في الحصول على بيانات الشموع: PocketOptionError, BinaryOptionsToolsError, Failed to execute 'GetCandles' task before the maximum allowed time of '16s'
2025-06-22 09:55:52,345 - INFO - No clear signal for GBPUSD_otc.
2025-06-22 09:55:53,876 - INFO - Account info updated: Demo: 571.59$, Live: 0.00$
2025-06-22 09:55:58,878 - INFO - Account info updated: Demo: 571.59$, Live: 0.00$
2025-06-22 09:56:03,884 - INFO - Account info updated: Demo: 571.59$, Live: 0.00$
2025-06-22 09:56:08,887 - INFO - Account info updated: Demo: 571.59$, Live: 0.00$
2025-06-22 09:56:13,888 - INFO - Account info updated: Demo: 571.59$, Live: 0.00$
2025-06-22 09:56:18,890 - INFO - Account info updated: Demo: 571.59$, Live: 0.00$
2025-06-22 09:56:23,895 - INFO - Account info updated: Demo: 571.59$, Live: 0.00$
2025-06-22 09:56:28,898 - INFO - Account info updated: Demo: 571.59$, Live: 0.00$
2025-06-22 09:56:33,901 - INFO - Account info updated: Demo: 571.59$, Live: 0.00$
2025-06-22 09:56:38,903 - INFO - Account info updated: Demo: 571.59$, Live: 0.00$
2025-06-22 09:56:43,905 - INFO - Account info updated: Demo: 571.59$, Live: 0.00$
2025-06-22 09:56:48,908 - INFO - Account info updated: Demo: 571.59$, Live: 0.00$
2025-06-22 09:56:53,908 - ERROR - خطأ في الحصول على الرصيد: This event loop is already running
2025-06-22 09:56:53,909 - INFO - Account info updated: Demo: 0.00$, Live: 0.00$
2025-06-22 09:56:58,910 - ERROR - خطأ في الحصول على الرصيد: This event loop is already running
2025-06-22 09:56:58,912 - INFO - Account info updated: Demo: 0.00$, Live: 0.00$
2025-06-22 09:57:03,913 - ERROR - خطأ في الحصول على الرصيد: This event loop is already running
2025-06-22 09:57:03,917 - INFO - Account info updated: Demo: 0.00$, Live: 0.00$
2025-06-22 09:57:08,918 - ERROR - خطأ في الحصول على الرصيد: This event loop is already running
2025-06-22 09:57:08,927 - INFO - Account info updated: Demo: 0.00$, Live: 0.00$
2025-06-22 09:57:13,929 - ERROR - خطأ في الحصول على الرصيد: This event loop is already running
2025-06-22 09:57:13,931 - INFO - Account info updated: Demo: 0.00$, Live: 0.00$
2025-06-22 09:57:18,932 - ERROR - خطأ في الحصول على الرصيد: This event loop is already running
2025-06-22 09:57:18,933 - INFO - Account info updated: Demo: 0.00$, Live: 0.00$
2025-06-22 09:57:23,934 - ERROR - خطأ في الحصول على الرصيد: This event loop is already running
2025-06-22 09:57:23,939 - INFO - Account info updated: Demo: 0.00$, Live: 0.00$
2025-06-22 09:57:24,354 - ERROR - خطأ في الحصول على بيانات الشموع: PocketOptionError, BinaryOptionsToolsError, Failed to execute 'GetCandles' task before the maximum allowed time of '16s'
2025-06-22 09:57:24,355 - INFO - No clear signal for GBPUSD_otc.
2025-06-22 10:09:31,581 - INFO - Connecting to PocketOption...
2025-06-22 10:09:38,939 - INFO - تم الاتصال بنجاح بمنصة PocketOption
2025-06-22 10:09:39,001 - INFO - Connected successfully!
2025-06-22 10:09:39,014 - INFO - Account info updated: Demo: 571.59$, Live: 0.00$
2025-06-22 10:09:39,020 - INFO - Available trading pairs updated (OTC Market).
2025-06-22 10:09:44,030 - INFO - Account info updated: Demo: 571.59$, Live: 0.00$
2025-06-22 10:09:44,822 - INFO - Available trading pairs updated (OTC Market).
2025-06-22 10:09:46,526 - INFO - Available trading pairs updated (Real Market).
2025-06-22 10:09:47,347 - INFO - Available trading pairs updated (OTC Market).
2025-06-22 10:09:49,031 - INFO - Account info updated: Demo: 571.59$, Live: 0.00$
2025-06-22 10:09:53,805 - INFO - Starting auto analysis...
2025-06-22 10:09:54,034 - ERROR - خطأ في الحصول على الرصيد: This event loop is already running
2025-06-22 10:09:54,063 - INFO - Account info updated: Demo: 0.00$, Live: 0.00$
2025-06-22 10:09:54,476 - INFO - No clear signal for AUDUSD_otc.
2025-06-22 10:09:59,077 - INFO - Account info updated: Demo: 571.59$, Live: 0.00$
2025-06-22 10:10:04,093 - INFO - Account info updated: Demo: 571.59$, Live: 0.00$
2025-06-22 10:10:09,104 - INFO - Account info updated: Demo: 571.59$, Live: 0.00$
2025-06-22 10:10:14,107 - INFO - Account info updated: Demo: 571.59$, Live: 0.00$
2025-06-22 10:10:19,116 - INFO - Account info updated: Demo: 571.59$, Live: 0.00$
2025-06-22 10:10:24,118 - INFO - Account info updated: Demo: 571.59$, Live: 0.00$
2025-06-22 10:10:29,126 - INFO - Account info updated: Demo: 571.59$, Live: 0.00$
2025-06-22 10:10:30,114 - INFO - Available trading pairs updated (Real Market).
2025-06-22 10:10:30,828 - INFO - Available trading pairs updated (OTC Market).
2025-06-22 10:10:34,129 - INFO - Account info updated: Demo: 571.59$, Live: 0.00$
2025-06-22 10:10:39,145 - INFO - Account info updated: Demo: 571.59$, Live: 0.00$
2025-06-22 10:10:44,149 - INFO - Account info updated: Demo: 571.59$, Live: 0.00$
2025-06-22 10:10:49,150 - INFO - Account info updated: Demo: 571.59$, Live: 0.00$
2025-06-22 10:10:54,152 - INFO - Account info updated: Demo: 571.59$, Live: 0.00$
2025-06-22 10:10:59,155 - INFO - Account info updated: Demo: 571.59$, Live: 0.00$
2025-06-22 10:11:04,166 - INFO - Account info updated: Demo: 571.59$, Live: 0.00$
2025-06-22 10:11:09,173 - INFO - Account info updated: Demo: 571.59$, Live: 0.00$
2025-06-22 10:11:14,178 - INFO - Account info updated: Demo: 571.59$, Live: 0.00$
2025-06-22 10:11:19,182 - INFO - Account info updated: Demo: 571.59$, Live: 0.00$
2025-06-22 10:11:24,188 - INFO - Account info updated: Demo: 571.59$, Live: 0.00$
2025-06-22 10:11:25,991 - INFO - Stopping analysis...
2025-06-22 10:11:29,193 - INFO - Account info updated: Demo: 571.59$, Live: 0.00$
2025-06-22 10:11:31,315 - INFO - Stopping analysis...
2025-06-22 10:11:33,223 - INFO - Available trading pairs updated (OTC Market).
2025-06-22 10:11:33,582 - INFO - Available trading pairs updated (Real Market).
2025-06-22 10:11:34,198 - INFO - Account info updated: Demo: 571.59$, Live: 0.00$
2025-06-22 10:42:52,969 - INFO - جاري الاتصال بـ PocketOption...
2025-06-22 10:42:59,715 - INFO - تم الاتصال بنجاح بمنصة PocketOption
2025-06-22 10:42:59,784 - INFO - تم الاتصال بنجاح!
2025-06-22 10:42:59,828 - INFO - تم تحديث معلومات الحساب: رصيد تجريبي: 548.79$, رصيد حقيقي: 0.00$
2025-06-22 10:42:59,843 - INFO - تم تحديث أزواج التداول المتاحة (OTC Market).
2025-06-22 10:43:04,853 - INFO - تم تحديث معلومات الحساب: رصيد تجريبي: 548.79$, رصيد حقيقي: 0.00$
2025-06-22 10:43:09,862 - INFO - تم تحديث معلومات الحساب: رصيد تجريبي: 548.79$, رصيد حقيقي: 0.00$
2025-06-22 10:43:14,319 - INFO - تم تحديث أزواج التداول المتاحة (OTC Market).
2025-06-22 10:43:14,869 - INFO - تم تحديث معلومات الحساب: رصيد تجريبي: 548.79$, رصيد حقيقي: 0.00$
2025-06-22 10:43:19,873 - INFO - تم تحديث معلومات الحساب: رصيد تجريبي: 548.79$, رصيد حقيقي: 0.00$
2025-06-22 10:43:20,437 - INFO - بدء التحليل التلقائي...
2025-06-22 10:43:20,588 - ERROR - خطأ أثناء التحليل لـ AUDUSD_otc: list indices must be integers or slices, not str
2025-06-22 10:43:24,877 - INFO - تم تحديث معلومات الحساب: رصيد تجريبي: 548.79$, رصيد حقيقي: 0.00$
2025-06-22 10:43:29,879 - INFO - تم تحديث معلومات الحساب: رصيد تجريبي: 548.79$, رصيد حقيقي: 0.00$
2025-06-22 10:43:34,891 - INFO - تم تحديث معلومات الحساب: رصيد تجريبي: 548.79$, رصيد حقيقي: 0.00$
2025-06-22 10:43:39,931 - INFO - تم تحديث معلومات الحساب: رصيد تجريبي: 548.79$, رصيد حقيقي: 0.00$
2025-06-22 10:43:44,939 - INFO - تم تحديث معلومات الحساب: رصيد تجريبي: 548.79$, رصيد حقيقي: 0.00$
2025-06-22 10:43:49,945 - INFO - تم تحديث معلومات الحساب: رصيد تجريبي: 548.79$, رصيد حقيقي: 0.00$
2025-06-22 10:43:54,949 - INFO - تم تحديث معلومات الحساب: رصيد تجريبي: 548.79$, رصيد حقيقي: 0.00$
2025-06-22 10:43:59,952 - INFO - تم تحديث معلومات الحساب: رصيد تجريبي: 548.79$, رصيد حقيقي: 0.00$
2025-06-22 10:44:04,959 - INFO - تم تحديث معلومات الحساب: رصيد تجريبي: 548.79$, رصيد حقيقي: 0.00$
2025-06-22 10:44:09,969 - INFO - تم تحديث معلومات الحساب: رصيد تجريبي: 548.79$, رصيد حقيقي: 0.00$
2025-06-22 10:44:14,984 - INFO - تم تحديث معلومات الحساب: رصيد تجريبي: 548.79$, رصيد حقيقي: 0.00$
2025-06-22 10:44:19,989 - INFO - تم تحديث معلومات الحساب: رصيد تجريبي: 548.79$, رصيد حقيقي: 0.00$
2025-06-22 10:44:20,797 - ERROR - خطأ أثناء التحليل لـ AUDUSD_otc: list indices must be integers or slices, not str
2025-06-22 10:44:24,999 - INFO - تم تحديث معلومات الحساب: رصيد تجريبي: 548.79$, رصيد حقيقي: 0.00$
2025-06-22 10:44:30,018 - INFO - تم تحديث معلومات الحساب: رصيد تجريبي: 548.79$, رصيد حقيقي: 0.00$
2025-06-22 10:44:35,036 - INFO - تم تحديث معلومات الحساب: رصيد تجريبي: 548.79$, رصيد حقيقي: 0.00$
2025-06-22 10:44:40,052 - INFO - تم تحديث معلومات الحساب: رصيد تجريبي: 548.79$, رصيد حقيقي: 0.00$
2025-06-22 10:44:45,068 - INFO - تم تحديث معلومات الحساب: رصيد تجريبي: 548.79$, رصيد حقيقي: 0.00$
2025-06-22 10:44:50,083 - INFO - تم تحديث معلومات الحساب: رصيد تجريبي: 548.79$, رصيد حقيقي: 0.00$
2025-06-22 10:44:55,095 - INFO - تم تحديث معلومات الحساب: رصيد تجريبي: 548.79$, رصيد حقيقي: 0.00$
2025-06-22 10:45:00,103 - INFO - تم تحديث معلومات الحساب: رصيد تجريبي: 548.79$, رصيد حقيقي: 0.00$
2025-06-22 10:45:05,133 - INFO - تم تحديث معلومات الحساب: رصيد تجريبي: 548.79$, رصيد حقيقي: 0.00$
2025-06-22 10:45:10,139 - INFO - تم تحديث معلومات الحساب: رصيد تجريبي: 548.79$, رصيد حقيقي: 0.00$
2025-06-22 10:45:15,152 - INFO - تم تحديث معلومات الحساب: رصيد تجريبي: 548.79$, رصيد حقيقي: 0.00$
2025-06-22 10:45:20,158 - INFO - تم تحديث معلومات الحساب: رصيد تجريبي: 548.79$, رصيد حقيقي: 0.00$
2025-06-22 10:45:23,563 - ERROR - خطأ أثناء التحليل لـ AUDUSD_otc: list indices must be integers or slices, not str
2025-06-22 10:45:25,169 - INFO - تم تحديث معلومات الحساب: رصيد تجريبي: 548.79$, رصيد حقيقي: 0.00$
2025-06-22 10:45:30,183 - INFO - تم تحديث معلومات الحساب: رصيد تجريبي: 548.79$, رصيد حقيقي: 0.00$
2025-06-22 10:45:35,199 - INFO - تم تحديث معلومات الحساب: رصيد تجريبي: 548.79$, رصيد حقيقي: 0.00$
2025-06-22 10:45:40,233 - INFO - تم تحديث معلومات الحساب: رصيد تجريبي: 548.79$, رصيد حقيقي: 0.00$
2025-06-22 10:45:45,238 - INFO - تم تحديث معلومات الحساب: رصيد تجريبي: 548.79$, رصيد حقيقي: 0.00$
2025-06-22 10:45:50,243 - INFO - تم تحديث معلومات الحساب: رصيد تجريبي: 548.79$, رصيد حقيقي: 0.00$
2025-06-22 10:45:55,246 - INFO - تم تحديث معلومات الحساب: رصيد تجريبي: 548.79$, رصيد حقيقي: 0.00$
2025-06-22 10:46:00,270 - INFO - تم تحديث معلومات الحساب: رصيد تجريبي: 548.79$, رصيد حقيقي: 0.00$
2025-06-22 10:46:05,274 - INFO - تم تحديث معلومات الحساب: رصيد تجريبي: 548.79$, رصيد حقيقي: 0.00$
2025-06-22 10:46:10,283 - INFO - تم تحديث معلومات الحساب: رصيد تجريبي: 548.79$, رصيد حقيقي: 0.00$
2025-06-22 10:46:15,288 - INFO - تم تحديث معلومات الحساب: رصيد تجريبي: 548.79$, رصيد حقيقي: 0.00$
2025-06-22 10:46:20,301 - INFO - تم تحديث معلومات الحساب: رصيد تجريبي: 548.79$, رصيد حقيقي: 0.00$
2025-06-22 10:46:24,349 - ERROR - خطأ أثناء التحليل لـ AUDUSD_otc: list indices must be integers or slices, not str
2025-06-22 10:46:25,327 - INFO - تم تحديث معلومات الحساب: رصيد تجريبي: 548.79$, رصيد حقيقي: 0.00$
2025-06-22 10:46:30,341 - INFO - تم تحديث معلومات الحساب: رصيد تجريبي: 548.79$, رصيد حقيقي: 0.00$
2025-06-22 10:46:35,351 - INFO - تم تحديث معلومات الحساب: رصيد تجريبي: 548.79$, رصيد حقيقي: 0.00$
2025-06-22 10:46:40,357 - INFO - تم تحديث معلومات الحساب: رصيد تجريبي: 548.79$, رصيد حقيقي: 0.00$
2025-06-22 10:46:45,370 - INFO - تم تحديث معلومات الحساب: رصيد تجريبي: 548.79$, رصيد حقيقي: 0.00$
2025-06-22 10:46:50,374 - INFO - تم تحديث معلومات الحساب: رصيد تجريبي: 548.79$, رصيد حقيقي: 0.00$
2025-06-22 10:46:55,387 - INFO - تم تحديث معلومات الحساب: رصيد تجريبي: 548.79$, رصيد حقيقي: 0.00$
2025-06-22 10:47:00,405 - INFO - تم تحديث معلومات الحساب: رصيد تجريبي: 548.79$, رصيد حقيقي: 0.00$
2025-06-22 10:50:21,425 - INFO - جاري الاتصال بـ PocketOption...
2025-06-22 10:50:27,923 - INFO - تم الاتصال بنجاح بمنصة PocketOption
2025-06-22 10:50:27,961 - INFO - تم الاتصال بنجاح!
2025-06-22 10:50:27,984 - INFO - تم تحديث معلومات الحساب: رصيد تجريبي: 548.79$, رصيد حقيقي: 0.00$
2025-06-22 10:50:27,998 - INFO - تم تحديث أزواج التداول المتاحة (OTC Market).
2025-06-22 10:50:31,258 - INFO - تم تحديث أزواج التداول المتاحة (OTC Market).
2025-06-22 10:50:33,008 - INFO - تم تحديث معلومات الحساب: رصيد تجريبي: 548.79$, رصيد حقيقي: 0.00$
2025-06-22 10:50:34,829 - INFO - بدء التحليل التلقائي...
2025-06-22 10:50:35,011 - INFO - لا توجد إشارة واضحة لـ AUDUSD_otc.
2025-06-22 10:50:38,025 - INFO - تم تحديث معلومات الحساب: رصيد تجريبي: 548.79$, رصيد حقيقي: 0.00$
2025-06-22 10:50:43,038 - INFO - تم تحديث معلومات الحساب: رصيد تجريبي: 548.79$, رصيد حقيقي: 0.00$
2025-06-22 10:50:48,040 - INFO - تم تحديث معلومات الحساب: رصيد تجريبي: 548.79$, رصيد حقيقي: 0.00$
2025-06-22 10:56:47,308 - INFO - جاري الاتصال بـ PocketOption...
2025-06-22 10:56:53,909 - INFO - تم الاتصال بنجاح بمنصة PocketOption
2025-06-22 10:56:53,935 - INFO - تم الاتصال بنجاح!
2025-06-22 10:56:53,955 - INFO - تم تحديث معلومات الحساب: رصيد تجريبي: 548.79$, رصيد حقيقي: 0.00$
2025-06-22 10:56:53,963 - INFO - تم تحديث أزواج التداول المتاحة (OTC Market).
2025-06-22 10:56:57,772 - INFO - بدء التحليل التلقائي...
2025-06-22 10:56:57,912 - ERROR - خطأ أثناء التحليل لـ EURUSD_otc: name 'highest_low' is not defined
2025-06-22 10:56:58,986 - INFO - تم تحديث معلومات الحساب: رصيد تجريبي: 548.79$, رصيد حقيقي: 0.00$
2025-06-22 10:57:03,999 - INFO - تم تحديث معلومات الحساب: رصيد تجريبي: 548.79$, رصيد حقيقي: 0.00$
2025-06-22 10:57:09,009 - INFO - تم تحديث معلومات الحساب: رصيد تجريبي: 548.79$, رصيد حقيقي: 0.00$
2025-06-22 10:57:14,024 - INFO - تم تحديث معلومات الحساب: رصيد تجريبي: 548.79$, رصيد حقيقي: 0.00$
2025-06-22 10:57:19,048 - INFO - تم تحديث معلومات الحساب: رصيد تجريبي: 548.79$, رصيد حقيقي: 0.00$
2025-06-22 10:57:24,069 - INFO - تم تحديث معلومات الحساب: رصيد تجريبي: 548.79$, رصيد حقيقي: 0.00$
2025-06-22 10:57:29,095 - INFO - تم تحديث معلومات الحساب: رصيد تجريبي: 548.79$, رصيد حقيقي: 0.00$
2025-06-22 10:57:34,121 - INFO - تم تحديث معلومات الحساب: رصيد تجريبي: 548.79$, رصيد حقيقي: 0.00$
2025-06-22 10:57:39,139 - INFO - تم تحديث معلومات الحساب: رصيد تجريبي: 548.79$, رصيد حقيقي: 0.00$
2025-06-22 10:57:44,179 - INFO - تم تحديث معلومات الحساب: رصيد تجريبي: 548.79$, رصيد حقيقي: 0.00$
2025-06-22 10:57:49,205 - INFO - تم تحديث معلومات الحساب: رصيد تجريبي: 548.79$, رصيد حقيقي: 0.00$
2025-06-22 10:57:54,223 - INFO - تم تحديث معلومات الحساب: رصيد تجريبي: 548.79$, رصيد حقيقي: 0.00$
2025-06-22 10:57:58,087 - ERROR - خطأ أثناء التحليل لـ EURUSD_otc: name 'highest_low' is not defined
2025-06-22 10:57:59,239 - INFO - تم تحديث معلومات الحساب: رصيد تجريبي: 548.79$, رصيد حقيقي: 0.00$
2025-06-22 10:58:04,257 - INFO - تم تحديث معلومات الحساب: رصيد تجريبي: 548.79$, رصيد حقيقي: 0.00$
2025-06-22 10:58:09,275 - INFO - تم تحديث معلومات الحساب: رصيد تجريبي: 548.79$, رصيد حقيقي: 0.00$
2025-06-22 10:58:14,284 - INFO - تم تحديث معلومات الحساب: رصيد تجريبي: 548.79$, رصيد حقيقي: 0.00$
2025-06-22 10:58:19,293 - INFO - تم تحديث معلومات الحساب: رصيد تجريبي: 548.79$, رصيد حقيقي: 0.00$
2025-06-22 10:58:24,306 - INFO - تم تحديث معلومات الحساب: رصيد تجريبي: 548.79$, رصيد حقيقي: 0.00$
2025-06-22 10:58:29,320 - INFO - تم تحديث معلومات الحساب: رصيد تجريبي: 548.79$, رصيد حقيقي: 0.00$
2025-06-22 10:58:34,329 - INFO - تم تحديث معلومات الحساب: رصيد تجريبي: 548.79$, رصيد حقيقي: 0.00$
2025-06-22 10:58:39,333 - INFO - تم تحديث معلومات الحساب: رصيد تجريبي: 548.79$, رصيد حقيقي: 0.00$
2025-06-22 10:58:44,336 - INFO - تم تحديث معلومات الحساب: رصيد تجريبي: 548.79$, رصيد حقيقي: 0.00$
2025-06-22 10:58:49,344 - INFO - تم تحديث معلومات الحساب: رصيد تجريبي: 548.79$, رصيد حقيقي: 0.00$
2025-06-22 10:58:54,351 - INFO - تم تحديث معلومات الحساب: رصيد تجريبي: 548.79$, رصيد حقيقي: 0.00$
2025-06-22 10:58:58,230 - ERROR - خطأ أثناء التحليل لـ EURUSD_otc: name 'highest_low' is not defined
2025-06-22 10:58:59,368 - INFO - تم تحديث معلومات الحساب: رصيد تجريبي: 548.79$, رصيد حقيقي: 0.00$
2025-06-22 10:59:04,386 - INFO - تم تحديث معلومات الحساب: رصيد تجريبي: 548.79$, رصيد حقيقي: 0.00$
2025-06-22 10:59:09,393 - INFO - تم تحديث معلومات الحساب: رصيد تجريبي: 548.79$, رصيد حقيقي: 0.00$
2025-06-22 10:59:14,406 - INFO - تم تحديث معلومات الحساب: رصيد تجريبي: 548.79$, رصيد حقيقي: 0.00$
2025-06-22 10:59:19,432 - INFO - تم تحديث معلومات الحساب: رصيد تجريبي: 548.79$, رصيد حقيقي: 0.00$
2025-06-22 10:59:24,435 - INFO - تم تحديث معلومات الحساب: رصيد تجريبي: 548.79$, رصيد حقيقي: 0.00$
2025-06-22 10:59:29,461 - INFO - تم تحديث معلومات الحساب: رصيد تجريبي: 548.79$, رصيد حقيقي: 0.00$
2025-06-22 10:59:34,468 - INFO - تم تحديث معلومات الحساب: رصيد تجريبي: 548.79$, رصيد حقيقي: 0.00$
2025-06-22 10:59:39,472 - INFO - تم تحديث معلومات الحساب: رصيد تجريبي: 548.79$, رصيد حقيقي: 0.00$
2025-06-22 10:59:44,474 - INFO - تم تحديث معلومات الحساب: رصيد تجريبي: 548.79$, رصيد حقيقي: 0.00$
2025-06-22 10:59:49,482 - INFO - تم تحديث معلومات الحساب: رصيد تجريبي: 548.79$, رصيد حقيقي: 0.00$
2025-06-22 10:59:54,493 - INFO - تم تحديث معلومات الحساب: رصيد تجريبي: 548.79$, رصيد حقيقي: 0.00$
2025-06-22 10:59:58,339 - ERROR - خطأ أثناء التحليل لـ EURUSD_otc: name 'highest_low' is not defined
2025-06-22 10:59:59,500 - INFO - تم تحديث معلومات الحساب: رصيد تجريبي: 548.79$, رصيد حقيقي: 0.00$
2025-06-22 11:00:04,508 - INFO - تم تحديث معلومات الحساب: رصيد تجريبي: 548.79$, رصيد حقيقي: 0.00$
2025-06-22 11:00:09,520 - INFO - تم تحديث معلومات الحساب: رصيد تجريبي: 548.79$, رصيد حقيقي: 0.00$
2025-06-22 11:00:14,527 - INFO - تم تحديث معلومات الحساب: رصيد تجريبي: 548.79$, رصيد حقيقي: 0.00$
2025-06-22 11:00:19,534 - INFO - تم تحديث معلومات الحساب: رصيد تجريبي: 548.79$, رصيد حقيقي: 0.00$
2025-06-22 11:00:24,548 - INFO - تم تحديث معلومات الحساب: رصيد تجريبي: 548.79$, رصيد حقيقي: 0.00$
2025-06-22 11:00:29,553 - INFO - تم تحديث معلومات الحساب: رصيد تجريبي: 548.79$, رصيد حقيقي: 0.00$
2025-06-22 11:00:34,559 - INFO - تم تحديث معلومات الحساب: رصيد تجريبي: 548.79$, رصيد حقيقي: 0.00$
2025-06-22 11:00:39,561 - INFO - تم تحديث معلومات الحساب: رصيد تجريبي: 548.79$, رصيد حقيقي: 0.00$
2025-06-22 11:00:44,569 - INFO - تم تحديث معلومات الحساب: رصيد تجريبي: 548.79$, رصيد حقيقي: 0.00$
2025-06-22 11:00:49,634 - INFO - تم تحديث معلومات الحساب: رصيد تجريبي: 548.79$, رصيد حقيقي: 0.00$
2025-06-22 11:00:54,637 - INFO - تم تحديث معلومات الحساب: رصيد تجريبي: 548.79$, رصيد حقيقي: 0.00$
2025-06-22 11:00:58,518 - ERROR - خطأ أثناء التحليل لـ EURUSD_otc: name 'highest_low' is not defined
2025-06-22 11:00:59,644 - INFO - تم تحديث معلومات الحساب: رصيد تجريبي: 548.79$, رصيد حقيقي: 0.00$
2025-06-22 11:01:04,653 - INFO - تم تحديث معلومات الحساب: رصيد تجريبي: 548.79$, رصيد حقيقي: 0.00$
2025-06-22 11:01:09,657 - INFO - تم تحديث معلومات الحساب: رصيد تجريبي: 548.79$, رصيد حقيقي: 0.00$
2025-06-22 11:01:14,664 - INFO - تم تحديث معلومات الحساب: رصيد تجريبي: 548.79$, رصيد حقيقي: 0.00$
2025-06-22 11:01:19,668 - INFO - تم تحديث معلومات الحساب: رصيد تجريبي: 548.79$, رصيد حقيقي: 0.00$
2025-06-22 11:01:24,676 - INFO - تم تحديث معلومات الحساب: رصيد تجريبي: 548.79$, رصيد حقيقي: 0.00$
2025-06-22 11:01:29,679 - INFO - تم تحديث معلومات الحساب: رصيد تجريبي: 548.79$, رصيد حقيقي: 0.00$
2025-06-22 11:01:34,685 - INFO - تم تحديث معلومات الحساب: رصيد تجريبي: 548.79$, رصيد حقيقي: 0.00$
2025-06-22 11:01:39,693 - INFO - تم تحديث معلومات الحساب: رصيد تجريبي: 548.79$, رصيد حقيقي: 0.00$
2025-06-22 11:01:44,695 - INFO - تم تحديث معلومات الحساب: رصيد تجريبي: 548.79$, رصيد حقيقي: 0.00$
2025-06-22 11:01:49,699 - INFO - تم تحديث معلومات الحساب: رصيد تجريبي: 548.79$, رصيد حقيقي: 0.00$
2025-06-22 11:01:54,719 - INFO - تم تحديث معلومات الحساب: رصيد تجريبي: 548.79$, رصيد حقيقي: 0.00$
2025-06-22 11:01:58,782 - ERROR - خطأ أثناء التحليل لـ EURUSD_otc: name 'highest_low' is not defined
2025-06-22 11:01:59,725 - INFO - تم تحديث معلومات الحساب: رصيد تجريبي: 548.79$, رصيد حقيقي: 0.00$
2025-06-22 11:02:04,740 - INFO - تم تحديث معلومات الحساب: رصيد تجريبي: 548.79$, رصيد حقيقي: 0.00$
2025-06-22 11:02:09,753 - INFO - تم تحديث معلومات الحساب: رصيد تجريبي: 548.79$, رصيد حقيقي: 0.00$
2025-06-22 11:02:14,777 - INFO - تم تحديث معلومات الحساب: رصيد تجريبي: 548.79$, رصيد حقيقي: 0.00$
2025-06-22 11:02:19,784 - INFO - تم تحديث معلومات الحساب: رصيد تجريبي: 548.79$, رصيد حقيقي: 0.00$
2025-06-22 11:02:24,802 - INFO - تم تحديث معلومات الحساب: رصيد تجريبي: 548.79$, رصيد حقيقي: 0.00$
2025-06-22 11:02:29,813 - INFO - تم تحديث معلومات الحساب: رصيد تجريبي: 548.79$, رصيد حقيقي: 0.00$
2025-06-22 11:02:34,838 - INFO - تم تحديث معلومات الحساب: رصيد تجريبي: 548.79$, رصيد حقيقي: 0.00$
2025-06-22 11:02:39,853 - INFO - تم تحديث معلومات الحساب: رصيد تجريبي: 548.79$, رصيد حقيقي: 0.00$
2025-06-22 11:02:44,866 - INFO - تم تحديث معلومات الحساب: رصيد تجريبي: 548.79$, رصيد حقيقي: 0.00$
2025-06-22 11:02:49,887 - INFO - تم تحديث معلومات الحساب: رصيد تجريبي: 548.79$, رصيد حقيقي: 0.00$
2025-06-22 11:02:54,914 - INFO - تم تحديث معلومات الحساب: رصيد تجريبي: 548.79$, رصيد حقيقي: 0.00$
2025-06-22 11:02:59,919 - ERROR - خطأ في الحصول على الرصيد: This event loop is already running
2025-06-22 11:02:59,964 - INFO - تم تحديث معلومات الحساب: رصيد تجريبي: 0.00$, رصيد حقيقي: 0.00$
2025-06-22 11:02:59,978 - ERROR - خطأ أثناء التحليل لـ EURUSD_otc: name 'highest_low' is not defined
2025-06-22 11:03:04,968 - INFO - تم تحديث معلومات الحساب: رصيد تجريبي: 548.79$, رصيد حقيقي: 0.00$
2025-06-22 11:03:09,980 - INFO - تم تحديث معلومات الحساب: رصيد تجريبي: 548.79$, رصيد حقيقي: 0.00$
2025-06-22 11:03:14,992 - INFO - تم تحديث معلومات الحساب: رصيد تجريبي: 548.79$, رصيد حقيقي: 0.00$
2025-06-22 11:03:19,998 - INFO - تم تحديث معلومات الحساب: رصيد تجريبي: 548.79$, رصيد حقيقي: 0.00$
2025-06-22 11:03:25,004 - INFO - تم تحديث معلومات الحساب: رصيد تجريبي: 548.79$, رصيد حقيقي: 0.00$
2025-06-22 11:03:30,009 - INFO - تم تحديث معلومات الحساب: رصيد تجريبي: 548.79$, رصيد حقيقي: 0.00$
2025-06-22 11:03:35,013 - INFO - تم تحديث معلومات الحساب: رصيد تجريبي: 548.79$, رصيد حقيقي: 0.00$
2025-06-22 11:03:40,018 - INFO - تم تحديث معلومات الحساب: رصيد تجريبي: 548.79$, رصيد حقيقي: 0.00$
2025-06-22 11:03:45,022 - INFO - تم تحديث معلومات الحساب: رصيد تجريبي: 548.79$, رصيد حقيقي: 0.00$
2025-06-22 11:03:50,027 - INFO - تم تحديث معلومات الحساب: رصيد تجريبي: 548.79$, رصيد حقيقي: 0.00$
2025-06-22 11:03:55,030 - INFO - تم تحديث معلومات الحساب: رصيد تجريبي: 548.79$, رصيد حقيقي: 0.00$
2025-06-22 11:04:00,030 - ERROR - خطأ في الحصول على الرصيد: This event loop is already running
2025-06-22 11:04:00,035 - INFO - تم تحديث معلومات الحساب: رصيد تجريبي: 0.00$, رصيد حقيقي: 0.00$
2025-06-22 11:04:00,096 - ERROR - خطأ أثناء التحليل لـ EURUSD_otc: name 'highest_low' is not defined
2025-06-22 11:04:05,042 - INFO - تم تحديث معلومات الحساب: رصيد تجريبي: 548.79$, رصيد حقيقي: 0.00$
2025-06-22 11:04:10,049 - INFO - تم تحديث معلومات الحساب: رصيد تجريبي: 548.79$, رصيد حقيقي: 0.00$
2025-06-22 11:04:15,054 - INFO - تم تحديث معلومات الحساب: رصيد تجريبي: 548.79$, رصيد حقيقي: 0.00$
2025-06-22 11:04:20,062 - INFO - تم تحديث معلومات الحساب: رصيد تجريبي: 548.79$, رصيد حقيقي: 0.00$
2025-06-22 11:04:25,089 - INFO - تم تحديث معلومات الحساب: رصيد تجريبي: 548.79$, رصيد حقيقي: 0.00$
2025-06-22 11:04:30,104 - INFO - تم تحديث معلومات الحساب: رصيد تجريبي: 548.79$, رصيد حقيقي: 0.00$
2025-06-22 11:04:35,121 - INFO - تم تحديث معلومات الحساب: رصيد تجريبي: 548.79$, رصيد حقيقي: 0.00$
2025-06-22 11:04:40,125 - INFO - تم تحديث معلومات الحساب: رصيد تجريبي: 548.79$, رصيد حقيقي: 0.00$
2025-06-22 11:04:45,134 - INFO - تم تحديث معلومات الحساب: رصيد تجريبي: 548.79$, رصيد حقيقي: 0.00$
2025-06-22 11:04:50,161 - INFO - تم تحديث معلومات الحساب: رصيد تجريبي: 548.79$, رصيد حقيقي: 0.00$
2025-06-22 11:04:55,175 - INFO - تم تحديث معلومات الحساب: رصيد تجريبي: 548.79$, رصيد حقيقي: 0.00$
2025-06-22 11:05:00,179 - ERROR - خطأ في الحصول على الرصيد: This event loop is already running
2025-06-22 11:05:00,190 - INFO - تم تحديث معلومات الحساب: رصيد تجريبي: 0.00$, رصيد حقيقي: 0.00$
2025-06-22 11:05:00,295 - ERROR - خطأ أثناء التحليل لـ EURUSD_otc: name 'highest_low' is not defined
2025-06-22 11:05:05,200 - INFO - تم تحديث معلومات الحساب: رصيد تجريبي: 548.79$, رصيد حقيقي: 0.00$
2025-06-22 11:05:10,219 - INFO - تم تحديث معلومات الحساب: رصيد تجريبي: 548.79$, رصيد حقيقي: 0.00$
2025-06-22 11:05:15,228 - INFO - تم تحديث معلومات الحساب: رصيد تجريبي: 548.79$, رصيد حقيقي: 0.00$
2025-06-22 11:05:20,241 - INFO - تم تحديث معلومات الحساب: رصيد تجريبي: 548.79$, رصيد حقيقي: 0.00$
2025-06-22 11:05:25,252 - INFO - تم تحديث معلومات الحساب: رصيد تجريبي: 548.79$, رصيد حقيقي: 0.00$
2025-06-22 11:05:30,291 - INFO - تم تحديث معلومات الحساب: رصيد تجريبي: 548.79$, رصيد حقيقي: 0.00$
2025-06-22 11:05:35,305 - INFO - تم تحديث معلومات الحساب: رصيد تجريبي: 548.79$, رصيد حقيقي: 0.00$
2025-06-22 11:05:40,311 - INFO - تم تحديث معلومات الحساب: رصيد تجريبي: 548.79$, رصيد حقيقي: 0.00$
2025-06-22 11:05:45,341 - INFO - تم تحديث معلومات الحساب: رصيد تجريبي: 548.79$, رصيد حقيقي: 0.00$
2025-06-22 11:05:50,366 - INFO - تم تحديث معلومات الحساب: رصيد تجريبي: 548.79$, رصيد حقيقي: 0.00$
2025-06-22 11:05:55,378 - INFO - تم تحديث معلومات الحساب: رصيد تجريبي: 548.79$, رصيد حقيقي: 0.00$
2025-06-22 11:06:00,382 - ERROR - خطأ في الحصول على الرصيد: This event loop is already running
2025-06-22 11:06:00,421 - INFO - تم تحديث معلومات الحساب: رصيد تجريبي: 0.00$, رصيد حقيقي: 0.00$
2025-06-22 11:06:02,195 - ERROR - خطأ أثناء التحليل لـ EURUSD_otc: name 'highest_low' is not defined
2025-06-22 11:06:05,433 - INFO - تم تحديث معلومات الحساب: رصيد تجريبي: 548.79$, رصيد حقيقي: 0.00$
2025-06-22 11:06:10,437 - INFO - تم تحديث معلومات الحساب: رصيد تجريبي: 548.79$, رصيد حقيقي: 0.00$
2025-06-22 11:06:15,449 - INFO - تم تحديث معلومات الحساب: رصيد تجريبي: 548.79$, رصيد حقيقي: 0.00$
2025-06-22 11:06:20,476 - INFO - تم تحديث معلومات الحساب: رصيد تجريبي: 548.79$, رصيد حقيقي: 0.00$
2025-06-22 11:06:25,481 - INFO - تم تحديث معلومات الحساب: رصيد تجريبي: 548.79$, رصيد حقيقي: 0.00$
2025-06-22 11:06:30,504 - INFO - تم تحديث معلومات الحساب: رصيد تجريبي: 548.79$, رصيد حقيقي: 0.00$
2025-06-22 11:06:35,523 - INFO - تم تحديث معلومات الحساب: رصيد تجريبي: 548.79$, رصيد حقيقي: 0.00$
2025-06-22 11:06:40,545 - INFO - تم تحديث معلومات الحساب: رصيد تجريبي: 548.79$, رصيد حقيقي: 0.00$
2025-06-22 11:06:45,551 - INFO - تم تحديث معلومات الحساب: رصيد تجريبي: 548.79$, رصيد حقيقي: 0.00$
2025-06-22 11:06:50,557 - INFO - تم تحديث معلومات الحساب: رصيد تجريبي: 548.79$, رصيد حقيقي: 0.00$
2025-06-22 11:06:55,560 - INFO - تم تحديث معلومات الحساب: رصيد تجريبي: 548.79$, رصيد حقيقي: 0.00$
2025-06-22 11:07:00,580 - INFO - تم تحديث معلومات الحساب: رصيد تجريبي: 548.79$, رصيد حقيقي: 0.00$
2025-06-22 11:07:03,579 - ERROR - خطأ أثناء التحليل لـ EURUSD_otc: name 'highest_low' is not defined
2025-06-22 11:07:05,595 - INFO - تم تحديث معلومات الحساب: رصيد تجريبي: 548.79$, رصيد حقيقي: 0.00$
2025-06-22 11:07:10,607 - INFO - تم تحديث معلومات الحساب: رصيد تجريبي: 548.79$, رصيد حقيقي: 0.00$
2025-06-22 11:07:15,619 - INFO - تم تحديث معلومات الحساب: رصيد تجريبي: 548.79$, رصيد حقيقي: 0.00$
2025-06-22 11:07:20,625 - INFO - تم تحديث معلومات الحساب: رصيد تجريبي: 548.79$, رصيد حقيقي: 0.00$
2025-06-22 11:07:25,632 - INFO - تم تحديث معلومات الحساب: رصيد تجريبي: 548.79$, رصيد حقيقي: 0.00$
2025-06-22 11:07:30,638 - INFO - تم تحديث معلومات الحساب: رصيد تجريبي: 548.79$, رصيد حقيقي: 0.00$
2025-06-22 11:07:35,640 - INFO - تم تحديث معلومات الحساب: رصيد تجريبي: 548.79$, رصيد حقيقي: 0.00$
2025-06-22 11:07:40,654 - INFO - تم تحديث معلومات الحساب: رصيد تجريبي: 548.79$, رصيد حقيقي: 0.00$
2025-06-22 11:07:45,668 - INFO - تم تحديث معلومات الحساب: رصيد تجريبي: 548.79$, رصيد حقيقي: 0.00$
2025-06-22 11:07:50,672 - INFO - تم تحديث معلومات الحساب: رصيد تجريبي: 548.79$, رصيد حقيقي: 0.00$
2025-06-22 11:07:55,684 - INFO - تم تحديث معلومات الحساب: رصيد تجريبي: 548.79$, رصيد حقيقي: 0.00$
2025-06-22 11:08:00,712 - INFO - تم تحديث معلومات الحساب: رصيد تجريبي: 548.79$, رصيد حقيقي: 0.00$
2025-06-22 11:08:03,719 - ERROR - خطأ أثناء التحليل لـ EURUSD_otc: name 'highest_low' is not defined
2025-06-22 11:08:05,724 - INFO - تم تحديث معلومات الحساب: رصيد تجريبي: 548.79$, رصيد حقيقي: 0.00$
2025-06-22 11:08:10,734 - INFO - تم تحديث معلومات الحساب: رصيد تجريبي: 548.79$, رصيد حقيقي: 0.00$
2025-06-22 11:08:15,749 - INFO - تم تحديث معلومات الحساب: رصيد تجريبي: 548.79$, رصيد حقيقي: 0.00$
2025-06-22 11:08:20,781 - INFO - تم تحديث معلومات الحساب: رصيد تجريبي: 548.79$, رصيد حقيقي: 0.00$
2025-06-22 11:08:25,813 - INFO - تم تحديث معلومات الحساب: رصيد تجريبي: 548.79$, رصيد حقيقي: 0.00$
2025-06-22 11:08:30,820 - INFO - تم تحديث معلومات الحساب: رصيد تجريبي: 548.79$, رصيد حقيقي: 0.00$
2025-06-22 11:08:35,825 - INFO - تم تحديث معلومات الحساب: رصيد تجريبي: 548.79$, رصيد حقيقي: 0.00$
2025-06-22 11:08:40,835 - INFO - تم تحديث معلومات الحساب: رصيد تجريبي: 548.79$, رصيد حقيقي: 0.00$
2025-06-22 11:08:45,864 - INFO - تم تحديث معلومات الحساب: رصيد تجريبي: 548.79$, رصيد حقيقي: 0.00$
2025-06-22 11:08:50,875 - INFO - تم تحديث معلومات الحساب: رصيد تجريبي: 548.79$, رصيد حقيقي: 0.00$
2025-06-22 11:08:55,880 - INFO - تم تحديث معلومات الحساب: رصيد تجريبي: 548.79$, رصيد حقيقي: 0.00$
2025-06-22 11:09:00,890 - INFO - تم تحديث معلومات الحساب: رصيد تجريبي: 548.79$, رصيد حقيقي: 0.00$
2025-06-22 11:09:05,892 - ERROR - خطأ في الحصول على الرصيد: This event loop is already running
2025-06-22 11:09:05,900 - INFO - تم تحديث معلومات الحساب: رصيد تجريبي: 0.00$, رصيد حقيقي: 0.00$
2025-06-22 11:09:10,902 - ERROR - خطأ في الحصول على الرصيد: This event loop is already running
2025-06-22 11:09:10,910 - INFO - تم تحديث معلومات الحساب: رصيد تجريبي: 0.00$, رصيد حقيقي: 0.00$
2025-06-22 11:09:15,911 - ERROR - خطأ في الحصول على الرصيد: This event loop is already running
2025-06-22 11:09:15,919 - INFO - تم تحديث معلومات الحساب: رصيد تجريبي: 0.00$, رصيد حقيقي: 0.00$
2025-06-22 11:09:20,920 - ERROR - خطأ في الحصول على الرصيد: This event loop is already running
2025-06-22 11:09:20,925 - INFO - تم تحديث معلومات الحساب: رصيد تجريبي: 0.00$, رصيد حقيقي: 0.00$
2025-06-22 11:09:25,926 - ERROR - خطأ في الحصول على الرصيد: This event loop is already running
2025-06-22 11:09:25,928 - INFO - تم تحديث معلومات الحساب: رصيد تجريبي: 0.00$, رصيد حقيقي: 0.00$
2025-06-22 11:09:30,930 - ERROR - خطأ في الحصول على الرصيد: This event loop is already running
2025-06-22 11:09:30,948 - INFO - تم تحديث معلومات الحساب: رصيد تجريبي: 0.00$, رصيد حقيقي: 0.00$
2025-06-22 11:09:35,731 - ERROR - خطأ في الحصول على بيانات الشموع: PocketOptionError, BinaryOptionsToolsError, Failed to execute 'GetCandles' task before the maximum allowed time of '16s'
2025-06-22 11:09:35,733 - ERROR - خطأ أثناء التحليل لـ EURUSD_otc: name 'highest_low' is not defined
2025-06-22 11:09:35,959 - INFO - تم تحديث معلومات الحساب: رصيد تجريبي: 548.79$, رصيد حقيقي: 0.00$
2025-06-22 11:09:40,965 - INFO - تم تحديث معلومات الحساب: رصيد تجريبي: 548.79$, رصيد حقيقي: 0.00$
2025-06-22 11:09:45,968 - INFO - تم تحديث معلومات الحساب: رصيد تجريبي: 548.79$, رصيد حقيقي: 0.00$
2025-06-22 11:09:50,978 - INFO - تم تحديث معلومات الحساب: رصيد تجريبي: 548.79$, رصيد حقيقي: 0.00$
2025-06-22 11:09:55,988 - INFO - تم تحديث معلومات الحساب: رصيد تجريبي: 548.79$, رصيد حقيقي: 0.00$
2025-06-22 11:10:00,996 - INFO - تم تحديث معلومات الحساب: رصيد تجريبي: 548.79$, رصيد حقيقي: 0.00$
2025-06-22 11:10:05,999 - INFO - تم تحديث معلومات الحساب: رصيد تجريبي: 548.79$, رصيد حقيقي: 0.00$
2025-06-22 11:10:11,004 - INFO - تم تحديث معلومات الحساب: رصيد تجريبي: 548.79$, رصيد حقيقي: 0.00$
2025-06-22 11:10:16,015 - INFO - تم تحديث معلومات الحساب: رصيد تجريبي: 548.79$, رصيد حقيقي: 0.00$
2025-06-22 11:10:21,018 - INFO - تم تحديث معلومات الحساب: رصيد تجريبي: 548.79$, رصيد حقيقي: 0.00$
2025-06-22 11:10:26,022 - INFO - تم تحديث معلومات الحساب: رصيد تجريبي: 548.79$, رصيد حقيقي: 0.00$
2025-06-22 11:10:31,034 - INFO - تم تحديث معلومات الحساب: رصيد تجريبي: 548.79$, رصيد حقيقي: 0.00$
2025-06-22 11:10:36,034 - ERROR - خطأ في الحصول على الرصيد: This event loop is already running
2025-06-22 11:10:36,042 - INFO - تم تحديث معلومات الحساب: رصيد تجريبي: 0.00$, رصيد حقيقي: 0.00$
2025-06-22 11:10:41,043 - ERROR - خطأ في الحصول على الرصيد: This event loop is already running
2025-06-22 11:10:41,051 - INFO - تم تحديث معلومات الحساب: رصيد تجريبي: 0.00$, رصيد حقيقي: 0.00$
2025-06-22 11:10:46,054 - ERROR - خطأ في الحصول على الرصيد: This event loop is already running
2025-06-22 11:10:46,074 - INFO - تم تحديث معلومات الحساب: رصيد تجريبي: 0.00$, رصيد حقيقي: 0.00$
2025-06-22 11:10:51,077 - ERROR - خطأ في الحصول على الرصيد: This event loop is already running
2025-06-22 11:10:51,087 - INFO - تم تحديث معلومات الحساب: رصيد تجريبي: 0.00$, رصيد حقيقي: 0.00$
2025-06-22 11:10:53,987 - ERROR - خطأ أثناء التحقق من حالة الاتصال: This event loop is already running
2025-06-22 11:10:53,990 - ERROR - تم فقدان الاتصال بالمنصة. قد يكون SSID منتهي الصلاحية.
2025-06-22 11:10:53,990 - INFO - تم قطع الاتصال
2025-06-22 11:11:07,740 - ERROR - خطأ في الحصول على بيانات الشموع: PocketOptionError, BinaryOptionsToolsError, Failed to execute 'GetCandles' task before the maximum allowed time of '16s'
2025-06-22 11:11:07,747 - ERROR - خطأ أثناء التحليل لـ EURUSD_otc: name 'highest_low' is not defined
2025-06-22 11:12:03,150 - INFO - جاري الاتصال بـ PocketOption...
2025-06-22 11:12:07,750 - INFO - تم إيقاف التحليل التلقائي.
2025-06-22 11:12:12,698 - INFO - تم الاتصال بنجاح بمنصة PocketOption
2025-06-22 11:12:12,709 - INFO - تم الاتصال بنجاح!
2025-06-22 11:12:12,724 - INFO - تم تحديث معلومات الحساب: رصيد تجريبي: 548.79$, رصيد حقيقي: 0.00$
2025-06-22 11:12:12,733 - INFO - تم تحديث أزواج التداول المتاحة (OTC Market).
2025-06-22 11:12:17,764 - INFO - تم تحديث معلومات الحساب: رصيد تجريبي: 548.79$, رصيد حقيقي: 0.00$
2025-06-22 11:12:22,775 - INFO - تم تحديث معلومات الحساب: رصيد تجريبي: 548.79$, رصيد حقيقي: 0.00$
2025-06-22 11:12:27,035 - INFO - بدء التحليل التلقائي...
2025-06-22 11:12:27,777 - ERROR - خطأ في الحصول على الرصيد: This event loop is already running
2025-06-22 11:12:27,787 - INFO - تم تحديث معلومات الحساب: رصيد تجريبي: 0.00$, رصيد حقيقي: 0.00$
2025-06-22 11:12:28,059 - ERROR - خطأ أثناء التحليل لـ EURUSD_otc: name 'highest_low' is not defined
2025-06-22 11:12:32,795 - INFO - تم تحديث معلومات الحساب: رصيد تجريبي: 548.79$, رصيد حقيقي: 0.00$
2025-06-22 11:12:37,798 - INFO - تم تحديث معلومات الحساب: رصيد تجريبي: 548.79$, رصيد حقيقي: 0.00$
2025-06-22 11:26:14,711 - INFO - Connecting to PocketOption...
2025-06-22 11:26:22,165 - INFO - تم الاتصال بنجاح بمنصة PocketOption
2025-06-22 11:26:22,197 - INFO - Successfully connected!
2025-06-22 11:26:22,215 - INFO - Account info updated: Demo: 548.79$, Live: 0.00$
2025-06-22 11:26:22,228 - INFO - Available trading pairs updated (OTC Market).
2025-06-22 11:26:26,021 - INFO - Available trading pairs updated (OTC Market).
2025-06-22 11:26:27,014 - INFO - Starting auto analysis...
2025-06-22 11:26:27,243 - INFO - Account info updated: Demo: 548.79$, Live: 0.00$
2025-06-22 11:26:27,380 - INFO - No clear signal for EURUSD_otc.
